<?xml version="1.0" encoding="UTF-8"?>
<testsuite name="ru.stqa.pft.sandbox.PointTest" tests="1" skipped="0" failures="0" errors="0" timestamp="2021-09-18T13:49:48" hostname="WIN-VA89NF70HOQ" time="0.004">
  <properties/>
  <testcase name="testDistance" classname="ru.stqa.pft.sandbox.PointTest" time="0.004"/>
  <system-out><![CDATA[]]></system-out>
  <system-err><![CDATA[]]></system-err>
</testsuite>
