<?xml version="1.0" encoding="UTF-8"?>
<testsuite name="ru.stqa.pft.addressbook.GroupCreationTests" tests="1" skipped="0" failures="0" errors="0" timestamp="2021-09-18T20:55:11" hostname="WIN-VA89NF70HOQ" time="1.991">
  <properties/>
  <testcase name="testGroupCreationTests" classname="ru.stqa.pft.addressbook.GroupCreationTests" time="1.991"/>
  <system-out><![CDATA[]]></system-out>
  <system-err><![CDATA[SLF4J: Failed to load class "org.slf4j.impl.StaticLoggerBinder".
SLF4J: Defaulting to no-operation (NOP) logger implementation
SLF4J: See http://www.slf4j.org/codes.html#StaticLoggerBinder for further details.
1631998508865	geckodriver	INFO	Listening on 127.0.0.1:39425
1631998509573	mozrunner::runner	INFO	Running command: "C:\\Program Files\\Mozilla Firefox\\firefox.exe" "--marionette" "--remote-debugging-port" "9222" "-no-remote" "-profile" "C:\\Users\\user\\AppData\\Local\\Temp\\rust_mozprofileo4aqdQ"
1631998509840	Marionette	INFO	Marionette enabled
console.warn: SearchSettings: "get: No settings file exists, new profile?" (new NotFoundError("Could not open the file at C:\\Users\\user\\AppData\\Local\\Temp\\rust_mozprofileo4aqdQ\\search.json.mozlz4", (void 0)))
DevTools listening on ws://localhost:9222/devtools/browser/d238416c-7c41-4346-a125-c9c9ac2a7fea
1631998510953	Marionette	INFO	Listening on port 57666
1631998511193	RemoteAgent	WARN	TLS certificate errors will be ignored for this session
сент. 18, 2021 11:55:11 PM org.openqa.selenium.remote.ProtocolHandshake createSession
INFO: Detected dialect: W3C
]]></system-err>
</testsuite>
