<?xml version="1.0" encoding="UTF-8"?>
<testsuite name="ru.stqa.pft.addressbook.GroupDeletionTests" tests="1" skipped="0" failures="0" errors="0" timestamp="2021-09-19T09:17:15" hostname="WIN-VA89NF70HOQ" time="0.441">
  <properties/>
  <testcase name="testGroupDeletionTests" classname="ru.stqa.pft.addressbook.GroupDeletionTests" time="0.441"/>
  <system-out><![CDATA[]]></system-out>
  <system-err><![CDATA[SLF4J: Failed to load class "org.slf4j.impl.StaticLoggerBinder".
SLF4J: Defaulting to no-operation (NOP) logger implementation
SLF4J: See http://www.slf4j.org/codes.html#StaticLoggerBinder for further details.
1632043031932	geckodriver	INFO	Listening on 127.0.0.1:27581
1632043032627	mozrunner::runner	INFO	Running command: "C:\\Program Files\\Mozilla Firefox\\firefox.exe" "--marionette" "--remote-debugging-port" "9222" "-no-remote" "-profile" "C:\\Users\\user\\AppData\\Local\\Temp\\rust_mozprofileSMvVDq"
1632043032889	Marionette	INFO	Marionette enabled
console.warn: SearchSettings: "get: No settings file exists, new profile?" (new NotFoundError("Could not open the file at C:\\Users\\user\\AppData\\Local\\Temp\\rust_mozprofileSMvVDq\\search.json.mozlz4", (void 0)))
DevTools listening on ws://localhost:9222/devtools/browser/d093722f-bc96-4258-bffc-08449dec67e4
1632043034036	Marionette	INFO	Listening on port 55981
1632043034360	RemoteAgent	WARN	TLS certificate errors will be ignored for this session
сент. 19, 2021 12:17:14 PM org.openqa.selenium.remote.ProtocolHandshake createSession
INFO: Detected dialect: W3C
1632043035914	Marionette	INFO	Stopped listening on port 55981
JavaScript error: resource:///modules/Interactions.jsm, line 230: NS_ERROR_FAILURE: Component returned failure code: 0x80004005 (NS_ERROR_FAILURE) [nsIUserIdleService.removeIdleObserver]
]]></system-err>
</testsuite>
